#
# A fatal error has been detected by the Java Runtime Environment:
#
#  EXCEPTION_ACCESS_VIOLATION (0xc0000005) at pc=0x00007ffbc4f3426b, pid=23900, tid=19896
#
# JRE version: OpenJDK Runtime Environment (11.0.7+10) (build 11.0.7+10)
# Java VM: OpenJDK 64-Bit Server VM (11.0.7+10, mixed mode, tiered, compressed oops, g1 gc, windows-amd64)
# Problematic frame:
# C  [ntdll.dll+0x2426b]
#
# No core dump will be written. Minidumps are not enabled by default on client versions of Windows
#
# If you would like to submit a bug report, please visit:
#   https://github.com/AdoptOpenJDK/openjdk-support/issues
#

---------------  S U M M A R Y ------------

Command Line: -agentlib:jdwp=transport=dt_socket,suspend=y,address=localhost:58042 -Dcom.sun.management.jmxremote -Dcom.sun.management.jmxremote.port=58034 -Dcom.sun.management.jmxremote.authenticate=false -Dcom.sun.management.jmxremote.ssl=false -Djava.rmi.server.hostname=localhost -Dspring.jmx.enabled=true -Dspring.application.admin.enabled=true -Djava.security.egd=file:/dev/./urandom -Xverify:none -XX:TieredStopAtLevel=1 -Dspring.boot.project.name=heroku-demo -javaagent:C:\Users\HP\Downloads\sts-4.6.2.RELEASE\configuration\org.eclipse.osgi\245\0\.cp\lib\javaagent-shaded.jar -Dfile.encoding=UTF-8 com.itradix.ehealth.EhealthApplication --spring.profiles.active=dev --spring.output.ansi.enabled=always

Host: Intel(R) Core(TM) i7-8850H CPU @ 2.60GHz, 12 cores, 31G,  Windows 10 , 64 bit Build 19041 (10.0.19041.1503)
Time: Fri Mar  4 11:19:35 2022 W. Europe Standard Time elapsed time: 9 seconds (0d 0h 0m 9s)

---------------  T H R E A D  ---------------

Current thread (0x00000286796eb800):  JavaThread "C1 CompilerThread0" daemon [_thread_in_vm, id=19896, stack(0x000000b0b2300000,0x000000b0b2400000)]


Current CompileTask:
C1:   9022 1200       1       org.eclipse.jdt.launching.internal.org.objectweb.asm.ClassReader::readClass (7 bytes)

Stack: [0x000000b0b2300000,0x000000b0b2400000],  sp=0x000000b0b23fea20,  free space=1018k
Native frames: (J=compiled Java code, j=interpreted, Vv=VM code, C=native code)
C  [ntdll.dll+0x2426b]
C  [AcLayers.DLL+0x7538]
C  [ucrtbase.dll+0xf05b]
V  [jvm.dll+0x6a6e5c]
V  [jvm.dll+0x595b35]
V  [jvm.dll+0x20cdef]
V  [jvm.dll+0x20cc82]
V  [jvm.dll+0x2084d5]
V  [jvm.dll+0x206c7b]
V  [jvm.dll+0x6db519]
V  [jvm.dll+0x6d47b4]
V  [jvm.dll+0x5ddbe6]
C  [ucrtbase.dll+0x21bb2]
C  [KERNEL32.DLL+0x17034]
C  [ntdll.dll+0x52651]


siginfo: EXCEPTION_ACCESS_VIOLATION (0xc0000005), reading address 0x0000000000000024


Register to memory mapping:

RIP=0x00007ffbc4f3426b ntdll.dll
RAX=0x0 is NULL
RBX=0x0 is NULL
RCX=0x000000007ba5c20d is an unknown value
RDX=0x0 is NULL
RSP=0x000000b0b23fea20 is pointing into the stack for thread: 0x00000286796eb800
RBP=0x0 is NULL
RSI=0x0 is NULL
RDI=0x00000286496d0000 points into unknown readable memory: 00 00 00 00 00 00 00 00
R8 =0x000002867a6cf880 points into unknown readable memory: 72 65 61 64 43 6c 61 73
R9 =0x0000000000000009 is an unknown value
R10=0x000000000000005e is an unknown value
R11=0x0000000000000009 is an unknown value
R12=0x00000286796ec510 points into unknown readable memory: 00 00 00 00 00 00 00 00
R13=0x00000286796ec5a0 points into unknown readable memory: 6f 72 67 2e 65 63 6c 69
R14=0x000002867a6cf870 points into unknown readable memory: 00 00 00 00 00 00 00 00
R15=0x0 is NULL


Registers:
RAX=0x0000000000000000, RBX=0x0000000000000000, RCX=0x000000007ba5c20d, RDX=0x0000000000000000
RSP=0x000000b0b23fea20, RBP=0x0000000000000000, RSI=0x0000000000000000, RDI=0x00000286496d0000
R8 =0x000002867a6cf880, R9 =0x0000000000000009, R10=0x000000000000005e, R11=0x0000000000000009
R12=0x00000286796ec510, R13=0x00000286796ec5a0, R14=0x000002867a6cf870, R15=0x0000000000000000
RIP=0x00007ffbc4f3426b, EFLAGS=0x0000000000010282

Top of Stack: (sp=0x000000b0b23fea20)
0x000000b0b23fea20:   00000286496d0000 000002867a6cf880
0x000000b0b23fea30:   00000286496d0000 000002867a6cf880
0x000000b0b23fea40:   000002867a6c0101 000000000000000a
0x000000b0b23fea50:   0000000000000000 0000000000000000
0x000000b0b23fea60:   0000000000000000 00007ffb39327538
0x000000b0b23fea70:   00000286496d0000 0000000000000001
0x000000b0b23fea80:   00000286496d0000 000002867a6cf880
0x000000b0b23fea90:   0000000000000000 0000000000000000
0x000000b0b23feaa0:   000000b0b23ff030 00000286796339c0
0x000000b0b23feab0:   00000286796ec5a0 00000286796ec510
0x000000b0b23feac0:   00000286796ec5a0 00007ffbc2b4f05b
0x000000b0b23fead0:   000002867a6cf880 00007ffb30386049
0x000000b0b23feae0:   000002867a250af8 000002867cf49248
0x000000b0b23feaf0:   000002867cf49248 00007ffb30386e5c
0x000000b0b23feb00:   00000286796339c0 00007ffb00000000
0x000000b0b23feb10:   000002867a6cf880 000000b0b23fea90 

Instructions: (pc=0x00007ffbc4f3426b)
0x00007ffbc4f3416b:   89 7c 24 20 41 56 48 83 ec 40 33 ed 4d 8b f0 8b
0x00007ffbc4f3417b:   da 48 8b f9 48 85 c9 0f 84 f4 d1 08 00 81 7f 10
0x00007ffbc4f3418b:   ee dd ee dd 75 5c f6 05 a4 35 14 00 02 48 89 74
0x00007ffbc4f3419b:   24 50 0f 85 f6 d1 08 00 48 8b f5 4d 8b ce 8b cb
0x00007ffbc4f341ab:   e8 30 05 00 00 44 8b c0 49 8b d1 48 8b cf e8 22
0x00007ffbc4f341bb:   02 00 00 48 8b d8 48 83 f8 ff 0f 84 e6 d1 08 00
0x00007ffbc4f341cb:   48 2b de 48 8b 74 24 50 48 8b c3 48 8b 5c 24 58
0x00007ffbc4f341db:   48 8b 6c 24 60 48 8b 7c 24 68 48 83 c4 40 41 5e
0x00007ffbc4f341eb:   c3 cc 8b 57 74 0b d3 f7 c2 00 00 00 61 0f 85 d5
0x00007ffbc4f341fb:   d1 08 00 f6 47 78 01 0f 85 e6 d1 08 00 41 f6 c6
0x00007ffbc4f3420b:   0f 0f 84 9a 00 00 00 b9 09 00 00 00 48 89 6c 24
0x00007ffbc4f3421b:   28 45 33 c9 4d 8b c6 48 89 6c 24 20 48 8b d7 e8
0x00007ffbc4f3422b:   dd 9b 0e 00 4c 8b f5 4d 85 f6 0f 84 c6 d1 08 00
0x00007ffbc4f3423b:   41 0f b6 46 0f 3c 04 0f 84 49 01 00 00 84 c0 0f
0x00007ffbc4f3424b:   89 9b 00 00 00 49 8b ce 48 c1 e9 04 41 33 4e 08
0x00007ffbc4f3425b:   33 0d df 74 14 00 33 cf 66 85 c9 74 74 48 8b c5
0x00007ffbc4f3426b:   44 0f b7 40 24 41 0f b6 4e 0f 80 f9 05 0f 84 b8
0x00007ffbc4f3427b:   d1 08 00 f6 c1 40 0f 85 c3 d1 08 00 0f b6 c1 24
0x00007ffbc4f3428b:   3f 3c 3f 0f 84 88 00 00 00 8b d1 83 e2 3f 41 0f
0x00007ffbc4f3429b:   b7 c8 48 c1 e1 04 48 2b ca 48 8b c1 e9 2a ff ff
0x00007ffbc4f342ab:   ff 49 83 c6 f0 41 0f 0d 0e 41 80 7e 0f 05 75 0c
0x00007ffbc4f342bb:   41 0f b6 46 0e 48 c1 e0 04 4c 2b f0 41 f6 46 0f
0x00007ffbc4f342cb:   3f 0f 85 60 ff ff ff b9 08 00 00 00 e9 3b ff ff
0x00007ffbc4f342db:   ff 48 c1 e9 0c 49 8b c6 48 2b c1 48 8b 00 eb 80
0x00007ffbc4f342eb:   39 6f 7c 74 22 41 8b 46 08 89 44 24 38 85 47 7c
0x00007ffbc4f342fb:   74 0a 33 87 88 00 00 00 89 44 24 38 44 0f b7 44
0x00007ffbc4f3430b:   24 38 e9 5e ff ff ff 45 0f b7 46 08 e9 54 ff ff
0x00007ffbc4f3431b:   ff 84 c9 79 2b 49 8b ce 48 c1 e9 04 41 33 4e 08
0x00007ffbc4f3432b:   33 0d 0f 74 14 00 33 cf 66 85 c9 74 1f 0f b7 45
0x00007ffbc4f3433b:   24 0f b7 c0 48 03 c0 49 8b 14 c6 e9 4e ff ff ff
0x00007ffbc4f3434b:   39 6f 7c 75 16 41 0f b7 46 08 eb e5 48 c1 e9 0c
0x00007ffbc4f3435b:   49 8b c6 48 2b c1 48 8b 28 eb d2 41 8b 46 08 89 


Stack slot to memory mapping:
stack at sp + 0 slots: 0x00000286496d0000 points into unknown readable memory: 00 00 00 00 00 00 00 00
stack at sp + 1 slots: 0x000002867a6cf880 points into unknown readable memory: 72 65 61 64 43 6c 61 73
stack at sp + 2 slots: 0x00000286496d0000 points into unknown readable memory: 00 00 00 00 00 00 00 00
stack at sp + 3 slots: 0x000002867a6cf880 points into unknown readable memory: 72 65 61 64 43 6c 61 73
stack at sp + 4 slots: 0x000002867a6c0101 points into unknown readable memory: 00 00 00 00 00 00 00
stack at sp + 5 slots: 0x000000000000000a is an unknown value
stack at sp + 6 slots: 0x0 is NULL
stack at sp + 7 slots: 0x0 is NULL


---------------  P R O C E S S  ---------------

Threads class SMR info:
_java_thread_list=0x000002867ae0b280, length=17, elements={
0x000002864bc9e000, 0x0000028679656800, 0x0000028679662000, 0x00000286796e3800,
0x00000286796e6800, 0x00000286796eb800, 0x00000286796fc000, 0x000002867a4c2000,
0x000002867a5ee000, 0x000002867a5f2000, 0x000002867a5f7000, 0x000002867bba0000,
0x000002867bfbd800, 0x000002867c2c9000, 0x000002867c2ca000, 0x000002867c2cb800,
0x000002867c2cf800
}

Java Threads: ( => current thread )
  0x000002864bc9e000 JavaThread "main" [_thread_blocked, id=20620, stack(0x000000b0b1800000,0x000000b0b1900000)]
  0x0000028679656800 JavaThread "Reference Handler" daemon [_thread_blocked, id=16580, stack(0x000000b0b1f00000,0x000000b0b2000000)]
  0x0000028679662000 JavaThread "Finalizer" daemon [_thread_blocked, id=20316, stack(0x000000b0b2000000,0x000000b0b2100000)]
  0x00000286796e3800 JavaThread "Signal Dispatcher" daemon [_thread_blocked, id=15264, stack(0x000000b0b2100000,0x000000b0b2200000)]
  0x00000286796e6800 JavaThread "Attach Listener" daemon [_thread_blocked, id=18504, stack(0x000000b0b2200000,0x000000b0b2300000)]
=>0x00000286796eb800 JavaThread "C1 CompilerThread0" daemon [_thread_in_vm, id=19896, stack(0x000000b0b2300000,0x000000b0b2400000)]
  0x00000286796fc000 JavaThread "Sweeper thread" daemon [_thread_blocked, id=13956, stack(0x000000b0b2400000,0x000000b0b2500000)]
  0x000002867a4c2000 JavaThread "Common-Cleaner" daemon [_thread_blocked, id=9736, stack(0x000000b0b2500000,0x000000b0b2600000)]
  0x000002867a5ee000 JavaThread "JDWP Transport Listener: dt_socket" daemon [_thread_blocked, id=13156, stack(0x000000b0b2600000,0x000000b0b2700000)]
  0x000002867a5f2000 JavaThread "JDWP Event Helper Thread" daemon [_thread_blocked, id=13892, stack(0x000000b0b2700000,0x000000b0b2800000)]
  0x000002867a5f7000 JavaThread "JDWP Command Reader" daemon [_thread_in_native, id=6380, stack(0x000000b0b2800000,0x000000b0b2900000)]
  0x000002867bba0000 JavaThread "Service Thread" daemon [_thread_blocked, id=15348, stack(0x000000b0b3200000,0x000000b0b3300000)]
  0x000002867bfbd800 JavaThread "SeedGenerator Thread" daemon [_thread_blocked, id=14888, stack(0x000000b0b3300000,0x000000b0b3400000)]
  0x000002867c2c9000 JavaThread "SeedGenerator Thread" daemon [_thread_blocked, id=18388, stack(0x000000b0b3400000,0x000000b0b3500000)]
  0x000002867c2ca000 JavaThread "RMI TCP Accept-0" daemon [_thread_in_native, id=8764, stack(0x000000b0b3500000,0x000000b0b3600000)]
  0x000002867c2cb800 JavaThread "RMI TCP Accept-58034" daemon [_thread_in_native, id=17284, stack(0x000000b0b3600000,0x000000b0b3700000)]
  0x000002867c2cf800 JavaThread "RMI TCP Accept-0" daemon [_thread_in_native, id=17620, stack(0x000000b0b3700000,0x000000b0b3800000)]

Other Threads:
  0x0000028679637800 VMThread "VM Thread" [stack: 0x000000b0b1e00000,0x000000b0b1f00000] [id=14324]
  0x000002864bc6f800 WatcherThread [stack: 0x000000b0b3800000,0x000000b0b3900000] [id=23636]
  0x000002864b3d2000 GCTaskThread "GC Thread#0" [stack: 0x000000b0b1900000,0x000000b0b1a00000] [id=12812]
  0x000002867ba73800 GCTaskThread "GC Thread#1" [stack: 0x000000b0b2900000,0x000000b0b2a00000] [id=26432]
  0x000002867ba74000 GCTaskThread "GC Thread#2" [stack: 0x000000b0b2a00000,0x000000b0b2b00000] [id=7804]
  0x000002867ba75000 GCTaskThread "GC Thread#3" [stack: 0x000000b0b2b00000,0x000000b0b2c00000] [id=25384]
  0x000002867ba76800 GCTaskThread "GC Thread#4" [stack: 0x000000b0b2c00000,0x000000b0b2d00000] [id=18660]
  0x000002867ba7c800 GCTaskThread "GC Thread#5" [stack: 0x000000b0b2d00000,0x000000b0b2e00000] [id=21652]
  0x000002867ba7a800 GCTaskThread "GC Thread#6" [stack: 0x000000b0b2e00000,0x000000b0b2f00000] [id=17456]
  0x000002867ba7b000 GCTaskThread "GC Thread#7" [stack: 0x000000b0b2f00000,0x000000b0b3000000] [id=28432]
  0x000002867ba7e000 GCTaskThread "GC Thread#8" [stack: 0x000000b0b3000000,0x000000b0b3100000] [id=22128]
  0x000002867ba7c000 GCTaskThread "GC Thread#9" [stack: 0x000000b0b3100000,0x000000b0b3200000] [id=2588]
  0x000002864b454000 ConcurrentGCThread "G1 Main Marker" [stack: 0x000000b0b1a00000,0x000000b0b1b00000] [id=972]
  0x000002864b459000 ConcurrentGCThread "G1 Conc#0" [stack: 0x000000b0b1b00000,0x000000b0b1c00000] [id=26128]
  0x000002864b5ac800 ConcurrentGCThread "G1 Refine#0" [stack: 0x000000b0b1c00000,0x000000b0b1d00000] [id=20640]
  0x000002864b5ad800 ConcurrentGCThread "G1 Young RemSet Sampling" [stack: 0x000000b0b1d00000,0x000000b0b1e00000] [id=28396]

Threads with active compile tasks:
C1 CompilerThread0   9157 1200       1       org.eclipse.jdt.launching.internal.org.objectweb.asm.ClassReader::readClass (7 bytes)

VM state:synchronizing (normal execution)

VM Mutex/Monitor currently owned by a thread:  ([mutex/lock_event])
[0x000002864bc98380] Threads_lock - owner thread: 0x0000028679637800
[0x000002864bc9ae10] Heap_lock - owner thread: 0x000002864bc9e000

Heap address: 0x0000000603000000, size: 8144 MB, Compressed Oops mode: Zero based, Oop shift amount: 3
Narrow klass base: 0x0000000800000000, Narrow klass shift: 0
Compressed class space size: 1073741824 Address: 0x0000000800000000

Heap:
 garbage-first heap   total 522240K, used 36448K [0x0000000603000000, 0x0000000800000000)
  region size 2048K, 12 young (24576K), 2 survivors (4096K)
 Metaspace       used 14631K, capacity 14915K, committed 14976K, reserved 1062912K
  class space    used 1494K, capacity 1628K, committed 1664K, reserved 1048576K
Heap Regions: E=young(eden), S=young(survivor), O=old, HS=humongous(starts), HC=humongous(continues), CS=collection set, F=free, A=archive, TAMS=top-at-mark-start (previous, next)
|   0|0x0000000603000000, 0x0000000603200000, 0x0000000603200000|100%| O|  |TAMS 0x0000000603000000, 0x0000000603000000| Untracked 
|   1|0x0000000603200000, 0x0000000603400000, 0x0000000603400000|100%| O|  |TAMS 0x0000000603200000, 0x0000000603200000| Untracked 
|   2|0x0000000603400000, 0x0000000603600000, 0x0000000603600000|100%| O|  |TAMS 0x0000000603400000, 0x0000000603400000| Untracked 
|   3|0x0000000603600000, 0x0000000603800000, 0x0000000603800000|100%| O|  |TAMS 0x0000000603600000, 0x0000000603600000| Untracked 
|   4|0x0000000603800000, 0x0000000603a00000, 0x0000000603a00000|100%| O|  |TAMS 0x0000000603800000, 0x0000000603800000| Untracked 
|   5|0x0000000603a00000, 0x0000000603c00000, 0x0000000603c00000|100%| O|  |TAMS 0x0000000603a00000, 0x0000000603a00000| Untracked 
|   6|0x0000000603c00000, 0x0000000603d98200, 0x0000000603e00000| 79%| O|  |TAMS 0x0000000603c00000, 0x0000000603c00000| Untracked 
|   7|0x0000000603e00000, 0x0000000603e00000, 0x0000000604000000|  0%| F|  |TAMS 0x0000000603e00000, 0x0000000603e00000| Untracked 
|   8|0x0000000604000000, 0x0000000604000000, 0x0000000604200000|  0%| F|  |TAMS 0x0000000604000000, 0x0000000604000000| Untracked 
|   9|0x0000000604200000, 0x0000000604200000, 0x0000000604400000|  0%| F|  |TAMS 0x0000000604200000, 0x0000000604200000| Untracked 
|  10|0x0000000604400000, 0x0000000604400000, 0x0000000604600000|  0%| F|  |TAMS 0x0000000604400000, 0x0000000604400000| Untracked 
|  11|0x0000000604600000, 0x0000000604600000, 0x0000000604800000|  0%| F|  |TAMS 0x0000000604600000, 0x0000000604600000| Untracked 
|  12|0x0000000604800000, 0x0000000604800000, 0x0000000604a00000|  0%| F|  |TAMS 0x0000000604800000, 0x0000000604800000| Untracked 
|  13|0x0000000604a00000, 0x0000000604a00000, 0x0000000604c00000|  0%| F|  |TAMS 0x0000000604a00000, 0x0000000604a00000| Untracked 
|  14|0x0000000604c00000, 0x0000000604c00000, 0x0000000604e00000|  0%| F|  |TAMS 0x0000000604c00000, 0x0000000604c00000| Untracked 
|  15|0x0000000604e00000, 0x0000000604e00000, 0x0000000605000000|  0%| F|  |TAMS 0x0000000604e00000, 0x0000000604e00000| Untracked 
|  16|0x0000000605000000, 0x0000000605000000, 0x0000000605200000|  0%| F|  |TAMS 0x0000000605000000, 0x0000000605000000| Untracked 
|  17|0x0000000605200000, 0x0000000605200000, 0x0000000605400000|  0%| F|  |TAMS 0x0000000605200000, 0x0000000605200000| Untracked 
|  18|0x0000000605400000, 0x0000000605400000, 0x0000000605600000|  0%| F|  |TAMS 0x0000000605400000, 0x0000000605400000| Untracked 
|  19|0x0000000605600000, 0x0000000605600000, 0x0000000605800000|  0%| F|  |TAMS 0x0000000605600000, 0x0000000605600000| Untracked 
|  20|0x0000000605800000, 0x0000000605800000, 0x0000000605a00000|  0%| F|  |TAMS 0x0000000605800000, 0x0000000605800000| Untracked 
|  21|0x0000000605a00000, 0x0000000605a00000, 0x0000000605c00000|  0%| F|  |TAMS 0x0000000605a00000, 0x0000000605a00000| Untracked 
|  22|0x0000000605c00000, 0x0000000605c00000, 0x0000000605e00000|  0%| F|  |TAMS 0x0000000605c00000, 0x0000000605c00000| Untracked 
|  23|0x0000000605e00000, 0x0000000605e00000, 0x0000000606000000|  0%| F|  |TAMS 0x0000000605e00000, 0x0000000605e00000| Untracked 
|  24|0x0000000606000000, 0x0000000606000000, 0x0000000606200000|  0%| F|  |TAMS 0x0000000606000000, 0x0000000606000000| Untracked 
|  25|0x0000000606200000, 0x0000000606200000, 0x0000000606400000|  0%| F|  |TAMS 0x0000000606200000, 0x0000000606200000| Untracked 
|  26|0x0000000606400000, 0x0000000606400000, 0x0000000606600000|  0%| F|  |TAMS 0x0000000606400000, 0x0000000606400000| Untracked 
|  27|0x0000000606600000, 0x0000000606600000, 0x0000000606800000|  0%| F|  |TAMS 0x0000000606600000, 0x0000000606600000| Untracked 
|  28|0x0000000606800000, 0x0000000606800000, 0x0000000606a00000|  0%| F|  |TAMS 0x0000000606800000, 0x0000000606800000| Untracked 
|  29|0x0000000606a00000, 0x0000000606a00000, 0x0000000606c00000|  0%| F|  |TAMS 0x0000000606a00000, 0x0000000606a00000| Untracked 
|  30|0x0000000606c00000, 0x0000000606c00000, 0x0000000606e00000|  0%| F|  |TAMS 0x0000000606c00000, 0x0000000606c00000| Untracked 
|  31|0x0000000606e00000, 0x0000000606e00000, 0x0000000607000000|  0%| F|  |TAMS 0x0000000606e00000, 0x0000000606e00000| Untracked 
|  32|0x0000000607000000, 0x0000000607000000, 0x0000000607200000|  0%| F|  |TAMS 0x0000000607000000, 0x0000000607000000| Untracked 
|  33|0x0000000607200000, 0x0000000607200000, 0x0000000607400000|  0%| F|  |TAMS 0x0000000607200000, 0x0000000607200000| Untracked 
|  34|0x0000000607400000, 0x0000000607400000, 0x0000000607600000|  0%| F|  |TAMS 0x0000000607400000, 0x0000000607400000| Untracked 
|  35|0x0000000607600000, 0x0000000607600000, 0x0000000607800000|  0%| F|  |TAMS 0x0000000607600000, 0x0000000607600000| Untracked 
|  36|0x0000000607800000, 0x0000000607800000, 0x0000000607a00000|  0%| F|  |TAMS 0x0000000607800000, 0x0000000607800000| Untracked 
|  37|0x0000000607a00000, 0x0000000607a00000, 0x0000000607c00000|  0%| F|  |TAMS 0x0000000607a00000, 0x0000000607a00000| Untracked 
|  38|0x0000000607c00000, 0x0000000607c00000, 0x0000000607e00000|  0%| F|  |TAMS 0x0000000607c00000, 0x0000000607c00000| Untracked 
|  39|0x0000000607e00000, 0x0000000607e00000, 0x0000000608000000|  0%| F|  |TAMS 0x0000000607e00000, 0x0000000607e00000| Untracked 
|  40|0x0000000608000000, 0x0000000608000000, 0x0000000608200000|  0%| F|  |TAMS 0x0000000608000000, 0x0000000608000000| Untracked 
|  41|0x0000000608200000, 0x0000000608200000, 0x0000000608400000|  0%| F|  |TAMS 0x0000000608200000, 0x0000000608200000| Untracked 
|  42|0x0000000608400000, 0x0000000608400000, 0x0000000608600000|  0%| F|  |TAMS 0x0000000608400000, 0x0000000608400000| Untracked 
|  43|0x0000000608600000, 0x0000000608600000, 0x0000000608800000|  0%| F|  |TAMS 0x0000000608600000, 0x0000000608600000| Untracked 
|  44|0x0000000608800000, 0x0000000608800000, 0x0000000608a00000|  0%| F|  |TAMS 0x0000000608800000, 0x0000000608800000| Untracked 
|  45|0x0000000608a00000, 0x0000000608a00000, 0x0000000608c00000|  0%| F|  |TAMS 0x0000000608a00000, 0x0000000608a00000| Untracked 
|  46|0x0000000608c00000, 0x0000000608c00000, 0x0000000608e00000|  0%| F|  |TAMS 0x0000000608c00000, 0x0000000608c00000| Untracked 
|  47|0x0000000608e00000, 0x0000000608e00000, 0x0000000609000000|  0%| F|  |TAMS 0x0000000608e00000, 0x0000000608e00000| Untracked 
|  48|0x0000000609000000, 0x0000000609000000, 0x0000000609200000|  0%| F|  |TAMS 0x0000000609000000, 0x0000000609000000| Untracked 
|  49|0x0000000609200000, 0x0000000609200000, 0x0000000609400000|  0%| F|  |TAMS 0x0000000609200000, 0x0000000609200000| Untracked 
|  50|0x0000000609400000, 0x0000000609400000, 0x0000000609600000|  0%| F|  |TAMS 0x0000000609400000, 0x0000000609400000| Untracked 
|  51|0x0000000609600000, 0x0000000609600000, 0x0000000609800000|  0%| F|  |TAMS 0x0000000609600000, 0x0000000609600000| Untracked 
|  52|0x0000000609800000, 0x0000000609800000, 0x0000000609a00000|  0%| F|  |TAMS 0x0000000609800000, 0x0000000609800000| Untracked 
|  53|0x0000000609a00000, 0x0000000609a00000, 0x0000000609c00000|  0%| F|  |TAMS 0x0000000609a00000, 0x0000000609a00000| Untracked 
|  54|0x0000000609c00000, 0x0000000609c00000, 0x0000000609e00000|  0%| F|  |TAMS 0x0000000609c00000, 0x0000000609c00000| Untracked 
|  55|0x0000000609e00000, 0x0000000609e00000, 0x000000060a000000|  0%| F|  |TAMS 0x0000000609e00000, 0x0000000609e00000| Untracked 
|  56|0x000000060a000000, 0x000000060a000000, 0x000000060a200000|  0%| F|  |TAMS 0x000000060a000000, 0x000000060a000000| Untracked 
|  57|0x000000060a200000, 0x000000060a200000, 0x000000060a400000|  0%| F|  |TAMS 0x000000060a200000, 0x000000060a200000| Untracked 
|  58|0x000000060a400000, 0x000000060a400000, 0x000000060a600000|  0%| F|  |TAMS 0x000000060a400000, 0x000000060a400000| Untracked 
|  59|0x000000060a600000, 0x000000060a600000, 0x000000060a800000|  0%| F|  |TAMS 0x000000060a600000, 0x000000060a600000| Untracked 
|  60|0x000000060a800000, 0x000000060a800000, 0x000000060aa00000|  0%| F|  |TAMS 0x000000060a800000, 0x000000060a800000| Untracked 
|  61|0x000000060aa00000, 0x000000060aa00000, 0x000000060ac00000|  0%| F|  |TAMS 0x000000060aa00000, 0x000000060aa00000| Untracked 
|  62|0x000000060ac00000, 0x000000060ac00000, 0x000000060ae00000|  0%| F|  |TAMS 0x000000060ac00000, 0x000000060ac00000| Untracked 
|  63|0x000000060ae00000, 0x000000060ae00000, 0x000000060b000000|  0%| F|  |TAMS 0x000000060ae00000, 0x000000060ae00000| Untracked 
|  64|0x000000060b000000, 0x000000060b000000, 0x000000060b200000|  0%| F|  |TAMS 0x000000060b000000, 0x000000060b000000| Untracked 
|  65|0x000000060b200000, 0x000000060b200000, 0x000000060b400000|  0%| F|  |TAMS 0x000000060b200000, 0x000000060b200000| Untracked 
|  66|0x000000060b400000, 0x000000060b400000, 0x000000060b600000|  0%| F|  |TAMS 0x000000060b400000, 0x000000060b400000| Untracked 
|  67|0x000000060b600000, 0x000000060b600000, 0x000000060b800000|  0%| F|  |TAMS 0x000000060b600000, 0x000000060b600000| Untracked 
|  68|0x000000060b800000, 0x000000060b800000, 0x000000060ba00000|  0%| F|  |TAMS 0x000000060b800000, 0x000000060b800000| Untracked 
|  69|0x000000060ba00000, 0x000000060ba00000, 0x000000060bc00000|  0%| F|  |TAMS 0x000000060ba00000, 0x000000060ba00000| Untracked 
|  70|0x000000060bc00000, 0x000000060bc00000, 0x000000060be00000|  0%| F|  |TAMS 0x000000060bc00000, 0x000000060bc00000| Untracked 
|  71|0x000000060be00000, 0x000000060be00000, 0x000000060c000000|  0%| F|  |TAMS 0x000000060be00000, 0x000000060be00000| Untracked 
|  72|0x000000060c000000, 0x000000060c000000, 0x000000060c200000|  0%| F|  |TAMS 0x000000060c000000, 0x000000060c000000| Untracked 
|  73|0x000000060c200000, 0x000000060c200000, 0x000000060c400000|  0%| F|  |TAMS 0x000000060c200000, 0x000000060c200000| Untracked 
|  74|0x000000060c400000, 0x000000060c400000, 0x000000060c600000|  0%| F|  |TAMS 0x000000060c400000, 0x000000060c400000| Untracked 
|  75|0x000000060c600000, 0x000000060c600000, 0x000000060c800000|  0%| F|  |TAMS 0x000000060c600000, 0x000000060c600000| Untracked 
|  76|0x000000060c800000, 0x000000060c800000, 0x000000060ca00000|  0%| F|  |TAMS 0x000000060c800000, 0x000000060c800000| Untracked 
|  77|0x000000060ca00000, 0x000000060ca00000, 0x000000060cc00000|  0%| F|  |TAMS 0x000000060ca00000, 0x000000060ca00000| Untracked 
|  78|0x000000060cc00000, 0x000000060cc00000, 0x000000060ce00000|  0%| F|  |TAMS 0x000000060cc00000, 0x000000060cc00000| Untracked 
|  79|0x000000060ce00000, 0x000000060ce00000, 0x000000060d000000|  0%| F|  |TAMS 0x000000060ce00000, 0x000000060ce00000| Untracked 
|  80|0x000000060d000000, 0x000000060d000000, 0x000000060d200000|  0%| F|  |TAMS 0x000000060d000000, 0x000000060d000000| Untracked 
|  81|0x000000060d200000, 0x000000060d200000, 0x000000060d400000|  0%| F|  |TAMS 0x000000060d200000, 0x000000060d200000| Untracked 
|  82|0x000000060d400000, 0x000000060d400000, 0x000000060d600000|  0%| F|  |TAMS 0x000000060d400000, 0x000000060d400000| Untracked 
|  83|0x000000060d600000, 0x000000060d600000, 0x000000060d800000|  0%| F|  |TAMS 0x000000060d600000, 0x000000060d600000| Untracked 
|  84|0x000000060d800000, 0x000000060d800000, 0x000000060da00000|  0%| F|  |TAMS 0x000000060d800000, 0x000000060d800000| Untracked 
|  85|0x000000060da00000, 0x000000060da00000, 0x000000060dc00000|  0%| F|  |TAMS 0x000000060da00000, 0x000000060da00000| Untracked 
|  86|0x000000060dc00000, 0x000000060dc00000, 0x000000060de00000|  0%| F|  |TAMS 0x000000060dc00000, 0x000000060dc00000| Untracked 
|  87|0x000000060de00000, 0x000000060de00000, 0x000000060e000000|  0%| F|  |TAMS 0x000000060de00000, 0x000000060de00000| Untracked 
|  88|0x000000060e000000, 0x000000060e000000, 0x000000060e200000|  0%| F|  |TAMS 0x000000060e000000, 0x000000060e000000| Untracked 
|  89|0x000000060e200000, 0x000000060e200000, 0x000000060e400000|  0%| F|  |TAMS 0x000000060e200000, 0x000000060e200000| Untracked 
|  90|0x000000060e400000, 0x000000060e400000, 0x000000060e600000|  0%| F|  |TAMS 0x000000060e400000, 0x000000060e400000| Untracked 
|  91|0x000000060e600000, 0x000000060e600000, 0x000000060e800000|  0%| F|  |TAMS 0x000000060e600000, 0x000000060e600000| Untracked 
|  92|0x000000060e800000, 0x000000060e800000, 0x000000060ea00000|  0%| F|  |TAMS 0x000000060e800000, 0x000000060e800000| Untracked 
|  93|0x000000060ea00000, 0x000000060ea00000, 0x000000060ec00000|  0%| F|  |TAMS 0x000000060ea00000, 0x000000060ea00000| Untracked 
|  94|0x000000060ec00000, 0x000000060ec00000, 0x000000060ee00000|  0%| F|  |TAMS 0x000000060ec00000, 0x000000060ec00000| Untracked 
|  95|0x000000060ee00000, 0x000000060ee00000, 0x000000060f000000|  0%| F|  |TAMS 0x000000060ee00000, 0x000000060ee00000| Untracked 
|  96|0x000000060f000000, 0x000000060f000000, 0x000000060f200000|  0%| F|  |TAMS 0x000000060f000000, 0x000000060f000000| Untracked 
|  97|0x000000060f200000, 0x000000060f200000, 0x000000060f400000|  0%| F|  |TAMS 0x000000060f200000, 0x000000060f200000| Untracked 
|  98|0x000000060f400000, 0x000000060f400000, 0x000000060f600000|  0%| F|  |TAMS 0x000000060f400000, 0x000000060f400000| Untracked 
|  99|0x000000060f600000, 0x000000060f600000, 0x000000060f800000|  0%| F|  |TAMS 0x000000060f600000, 0x000000060f600000| Untracked 
| 100|0x000000060f800000, 0x000000060f800000, 0x000000060fa00000|  0%| F|  |TAMS 0x000000060f800000, 0x000000060f800000| Untracked 
| 101|0x000000060fa00000, 0x000000060fa00000, 0x000000060fc00000|  0%| F|  |TAMS 0x000000060fa00000, 0x000000060fa00000| Untracked 
| 102|0x000000060fc00000, 0x000000060fc00000, 0x000000060fe00000|  0%| F|  |TAMS 0x000000060fc00000, 0x000000060fc00000| Untracked 
| 103|0x000000060fe00000, 0x000000060fe00000, 0x0000000610000000|  0%| F|  |TAMS 0x000000060fe00000, 0x000000060fe00000| Untracked 
| 104|0x0000000610000000, 0x0000000610000000, 0x0000000610200000|  0%| F|  |TAMS 0x0000000610000000, 0x0000000610000000| Untracked 
| 105|0x0000000610200000, 0x0000000610200000, 0x0000000610400000|  0%| F|  |TAMS 0x0000000610200000, 0x0000000610200000| Untracked 
| 106|0x0000000610400000, 0x0000000610400000, 0x0000000610600000|  0%| F|  |TAMS 0x0000000610400000, 0x0000000610400000| Untracked 
| 107|0x0000000610600000, 0x0000000610600000, 0x0000000610800000|  0%| F|  |TAMS 0x0000000610600000, 0x0000000610600000| Untracked 
| 108|0x0000000610800000, 0x0000000610800000, 0x0000000610a00000|  0%| F|  |TAMS 0x0000000610800000, 0x0000000610800000| Untracked 
| 109|0x0000000610a00000, 0x0000000610a00000, 0x0000000610c00000|  0%| F|  |TAMS 0x0000000610a00000, 0x0000000610a00000| Untracked 
| 110|0x0000000610c00000, 0x0000000610c00000, 0x0000000610e00000|  0%| F|  |TAMS 0x0000000610c00000, 0x0000000610c00000| Untracked 
| 111|0x0000000610e00000, 0x0000000610e00000, 0x0000000611000000|  0%| F|  |TAMS 0x0000000610e00000, 0x0000000610e00000| Untracked 
| 112|0x0000000611000000, 0x0000000611000000, 0x0000000611200000|  0%| F|  |TAMS 0x0000000611000000, 0x0000000611000000| Untracked 
| 113|0x0000000611200000, 0x0000000611200000, 0x0000000611400000|  0%| F|  |TAMS 0x0000000611200000, 0x0000000611200000| Untracked 
| 114|0x0000000611400000, 0x0000000611400000, 0x0000000611600000|  0%| F|  |TAMS 0x0000000611400000, 0x0000000611400000| Untracked 
| 115|0x0000000611600000, 0x0000000611600000, 0x0000000611800000|  0%| F|  |TAMS 0x0000000611600000, 0x0000000611600000| Untracked 
| 116|0x0000000611800000, 0x0000000611800000, 0x0000000611a00000|  0%| F|  |TAMS 0x0000000611800000, 0x0000000611800000| Untracked 
| 117|0x0000000611a00000, 0x0000000611a00000, 0x0000000611c00000|  0%| F|  |TAMS 0x0000000611a00000, 0x0000000611a00000| Untracked 
| 118|0x0000000611c00000, 0x0000000611c00000, 0x0000000611e00000|  0%| F|  |TAMS 0x0000000611c00000, 0x0000000611c00000| Untracked 
| 119|0x0000000611e00000, 0x0000000611e00000, 0x0000000612000000|  0%| F|  |TAMS 0x0000000611e00000, 0x0000000611e00000| Untracked 
| 120|0x0000000612000000, 0x0000000612000000, 0x0000000612200000|  0%| F|  |TAMS 0x0000000612000000, 0x0000000612000000| Untracked 
| 121|0x0000000612200000, 0x0000000612200000, 0x0000000612400000|  0%| F|  |TAMS 0x0000000612200000, 0x0000000612200000| Untracked 
| 122|0x0000000612400000, 0x0000000612400000, 0x0000000612600000|  0%| F|  |TAMS 0x0000000612400000, 0x0000000612400000| Untracked 
| 123|0x0000000612600000, 0x0000000612600000, 0x0000000612800000|  0%| F|  |TAMS 0x0000000612600000, 0x0000000612600000| Untracked 
| 124|0x0000000612800000, 0x0000000612800000, 0x0000000612a00000|  0%| F|  |TAMS 0x0000000612800000, 0x0000000612800000| Untracked 
| 125|0x0000000612a00000, 0x0000000612a00000, 0x0000000612c00000|  0%| F|  |TAMS 0x0000000612a00000, 0x0000000612a00000| Untracked 
| 126|0x0000000612c00000, 0x0000000612c00000, 0x0000000612e00000|  0%| F|  |TAMS 0x0000000612c00000, 0x0000000612c00000| Untracked 
| 127|0x0000000612e00000, 0x0000000612e00000, 0x0000000613000000|  0%| F|  |TAMS 0x0000000612e00000, 0x0000000612e00000| Untracked 
| 128|0x0000000613000000, 0x0000000613000000, 0x0000000613200000|  0%| F|  |TAMS 0x0000000613000000, 0x0000000613000000| Untracked 
| 129|0x0000000613200000, 0x0000000613200000, 0x0000000613400000|  0%| F|  |TAMS 0x0000000613200000, 0x0000000613200000| Untracked 
| 130|0x0000000613400000, 0x0000000613400000, 0x0000000613600000|  0%| F|  |TAMS 0x0000000613400000, 0x0000000613400000| Untracked 
| 131|0x0000000613600000, 0x0000000613600000, 0x0000000613800000|  0%| F|  |TAMS 0x0000000613600000, 0x0000000613600000| Untracked 
| 132|0x0000000613800000, 0x0000000613800000, 0x0000000613a00000|  0%| F|  |TAMS 0x0000000613800000, 0x0000000613800000| Untracked 
| 133|0x0000000613a00000, 0x0000000613a00000, 0x0000000613c00000|  0%| F|  |TAMS 0x0000000613a00000, 0x0000000613a00000| Untracked 
| 134|0x0000000613c00000, 0x0000000613c00000, 0x0000000613e00000|  0%| F|  |TAMS 0x0000000613c00000, 0x0000000613c00000| Untracked 
| 135|0x0000000613e00000, 0x0000000613e00000, 0x0000000614000000|  0%| F|  |TAMS 0x0000000613e00000, 0x0000000613e00000| Untracked 
| 136|0x0000000614000000, 0x0000000614000000, 0x0000000614200000|  0%| F|  |TAMS 0x0000000614000000, 0x0000000614000000| Untracked 
| 137|0x0000000614200000, 0x0000000614200000, 0x0000000614400000|  0%| F|  |TAMS 0x0000000614200000, 0x0000000614200000| Untracked 
| 138|0x0000000614400000, 0x0000000614400000, 0x0000000614600000|  0%| F|  |TAMS 0x0000000614400000, 0x0000000614400000| Untracked 
| 139|0x0000000614600000, 0x0000000614600000, 0x0000000614800000|  0%| F|  |TAMS 0x0000000614600000, 0x0000000614600000| Untracked 
| 140|0x0000000614800000, 0x0000000614800000, 0x0000000614a00000|  0%| F|  |TAMS 0x0000000614800000, 0x0000000614800000| Untracked 
| 141|0x0000000614a00000, 0x0000000614a00000, 0x0000000614c00000|  0%| F|  |TAMS 0x0000000614a00000, 0x0000000614a00000| Untracked 
| 142|0x0000000614c00000, 0x0000000614c00000, 0x0000000614e00000|  0%| F|  |TAMS 0x0000000614c00000, 0x0000000614c00000| Untracked 
| 143|0x0000000614e00000, 0x0000000614e00000, 0x0000000615000000|  0%| F|  |TAMS 0x0000000614e00000, 0x0000000614e00000| Untracked 
| 144|0x0000000615000000, 0x0000000615000000, 0x0000000615200000|  0%| F|  |TAMS 0x0000000615000000, 0x0000000615000000| Untracked 
| 145|0x0000000615200000, 0x0000000615200000, 0x0000000615400000|  0%| F|  |TAMS 0x0000000615200000, 0x0000000615200000| Untracked 
| 146|0x0000000615400000, 0x0000000615400000, 0x0000000615600000|  0%| F|  |TAMS 0x0000000615400000, 0x0000000615400000| Untracked 
| 147|0x0000000615600000, 0x0000000615600000, 0x0000000615800000|  0%| F|  |TAMS 0x0000000615600000, 0x0000000615600000| Untracked 
| 148|0x0000000615800000, 0x0000000615800000, 0x0000000615a00000|  0%| F|  |TAMS 0x0000000615800000, 0x0000000615800000| Untracked 
| 149|0x0000000615a00000, 0x0000000615a00000, 0x0000000615c00000|  0%| F|  |TAMS 0x0000000615a00000, 0x0000000615a00000| Untracked 
| 150|0x0000000615c00000, 0x0000000615c00000, 0x0000000615e00000|  0%| F|  |TAMS 0x0000000615c00000, 0x0000000615c00000| Untracked 
| 151|0x0000000615e00000, 0x0000000615e00000, 0x0000000616000000|  0%| F|  |TAMS 0x0000000615e00000, 0x0000000615e00000| Untracked 
| 152|0x0000000616000000, 0x0000000616000000, 0x0000000616200000|  0%| F|  |TAMS 0x0000000616000000, 0x0000000616000000| Untracked 
| 153|0x0000000616200000, 0x0000000616200000, 0x0000000616400000|  0%| F|  |TAMS 0x0000000616200000, 0x0000000616200000| Untracked 
| 154|0x0000000616400000, 0x0000000616400000, 0x0000000616600000|  0%| F|  |TAMS 0x0000000616400000, 0x0000000616400000| Untracked 
| 155|0x0000000616600000, 0x0000000616600000, 0x0000000616800000|  0%| F|  |TAMS 0x0000000616600000, 0x0000000616600000| Untracked 
| 156|0x0000000616800000, 0x0000000616800000, 0x0000000616a00000|  0%| F|  |TAMS 0x0000000616800000, 0x0000000616800000| Untracked 
| 157|0x0000000616a00000, 0x0000000616a00000, 0x0000000616c00000|  0%| F|  |TAMS 0x0000000616a00000, 0x0000000616a00000| Untracked 
| 158|0x0000000616c00000, 0x0000000616c00000, 0x0000000616e00000|  0%| F|  |TAMS 0x0000000616c00000, 0x0000000616c00000| Untracked 
| 159|0x0000000616e00000, 0x0000000616e00000, 0x0000000617000000|  0%| F|  |TAMS 0x0000000616e00000, 0x0000000616e00000| Untracked 
| 160|0x0000000617000000, 0x0000000617000000, 0x0000000617200000|  0%| F|  |TAMS 0x0000000617000000, 0x0000000617000000| Untracked 
| 161|0x0000000617200000, 0x0000000617200000, 0x0000000617400000|  0%| F|  |TAMS 0x0000000617200000, 0x0000000617200000| Untracked 
| 162|0x0000000617400000, 0x0000000617400000, 0x0000000617600000|  0%| F|  |TAMS 0x0000000617400000, 0x0000000617400000| Untracked 
| 163|0x0000000617600000, 0x0000000617600000, 0x0000000617800000|  0%| F|  |TAMS 0x0000000617600000, 0x0000000617600000| Untracked 
| 164|0x0000000617800000, 0x0000000617800000, 0x0000000617a00000|  0%| F|  |TAMS 0x0000000617800000, 0x0000000617800000| Untracked 
| 165|0x0000000617a00000, 0x0000000617a00000, 0x0000000617c00000|  0%| F|  |TAMS 0x0000000617a00000, 0x0000000617a00000| Untracked 
| 166|0x0000000617c00000, 0x0000000617c00000, 0x0000000617e00000|  0%| F|  |TAMS 0x0000000617c00000, 0x0000000617c00000| Untracked 
| 167|0x0000000617e00000, 0x0000000617e00000, 0x0000000618000000|  0%| F|  |TAMS 0x0000000617e00000, 0x0000000617e00000| Untracked 
| 168|0x0000000618000000, 0x0000000618000000, 0x0000000618200000|  0%| F|  |TAMS 0x0000000618000000, 0x0000000618000000| Untracked 
| 169|0x0000000618200000, 0x0000000618200000, 0x0000000618400000|  0%| F|  |TAMS 0x0000000618200000, 0x0000000618200000| Untracked 
| 170|0x0000000618400000, 0x0000000618400000, 0x0000000618600000|  0%| F|  |TAMS 0x0000000618400000, 0x0000000618400000| Untracked 
| 171|0x0000000618600000, 0x0000000618600000, 0x0000000618800000|  0%| F|  |TAMS 0x0000000618600000, 0x0000000618600000| Untracked 
| 172|0x0000000618800000, 0x0000000618800000, 0x0000000618a00000|  0%| F|  |TAMS 0x0000000618800000, 0x0000000618800000| Untracked 
| 173|0x0000000618a00000, 0x0000000618a00000, 0x0000000618c00000|  0%| F|  |TAMS 0x0000000618a00000, 0x0000000618a00000| Untracked 
| 174|0x0000000618c00000, 0x0000000618c00000, 0x0000000618e00000|  0%| F|  |TAMS 0x0000000618c00000, 0x0000000618c00000| Untracked 
| 175|0x0000000618e00000, 0x0000000618e00000, 0x0000000619000000|  0%| F|  |TAMS 0x0000000618e00000, 0x0000000618e00000| Untracked 
| 176|0x0000000619000000, 0x0000000619000000, 0x0000000619200000|  0%| F|  |TAMS 0x0000000619000000, 0x0000000619000000| Untracked 
| 177|0x0000000619200000, 0x0000000619200000, 0x0000000619400000|  0%| F|  |TAMS 0x0000000619200000, 0x0000000619200000| Untracked 
| 178|0x0000000619400000, 0x0000000619400000, 0x0000000619600000|  0%| F|  |TAMS 0x0000000619400000, 0x0000000619400000| Untracked 
| 179|0x0000000619600000, 0x0000000619600000, 0x0000000619800000|  0%| F|  |TAMS 0x0000000619600000, 0x0000000619600000| Untracked 
| 180|0x0000000619800000, 0x0000000619800000, 0x0000000619a00000|  0%| F|  |TAMS 0x0000000619800000, 0x0000000619800000| Untracked 
| 181|0x0000000619a00000, 0x0000000619a00000, 0x0000000619c00000|  0%| F|  |TAMS 0x0000000619a00000, 0x0000000619a00000| Untracked 
| 182|0x0000000619c00000, 0x0000000619c00000, 0x0000000619e00000|  0%| F|  |TAMS 0x0000000619c00000, 0x0000000619c00000| Untracked 
| 183|0x0000000619e00000, 0x0000000619e00000, 0x000000061a000000|  0%| F|  |TAMS 0x0000000619e00000, 0x0000000619e00000| Untracked 
| 184|0x000000061a000000, 0x000000061a000000, 0x000000061a200000|  0%| F|  |TAMS 0x000000061a000000, 0x000000061a000000| Untracked 
| 185|0x000000061a200000, 0x000000061a200000, 0x000000061a400000|  0%| F|  |TAMS 0x000000061a200000, 0x000000061a200000| Untracked 
| 186|0x000000061a400000, 0x000000061a400000, 0x000000061a600000|  0%| F|  |TAMS 0x000000061a400000, 0x000000061a400000| Untracked 
| 187|0x000000061a600000, 0x000000061a600000, 0x000000061a800000|  0%| F|  |TAMS 0x000000061a600000, 0x000000061a600000| Untracked 
| 188|0x000000061a800000, 0x000000061a800000, 0x000000061aa00000|  0%| F|  |TAMS 0x000000061a800000, 0x000000061a800000| Untracked 
| 189|0x000000061aa00000, 0x000000061aa00000, 0x000000061ac00000|  0%| F|  |TAMS 0x000000061aa00000, 0x000000061aa00000| Untracked 
| 190|0x000000061ac00000, 0x000000061ac00000, 0x000000061ae00000|  0%| F|  |TAMS 0x000000061ac00000, 0x000000061ac00000| Untracked 
| 191|0x000000061ae00000, 0x000000061ae00000, 0x000000061b000000|  0%| F|  |TAMS 0x000000061ae00000, 0x000000061ae00000| Untracked 
| 192|0x000000061b000000, 0x000000061b000000, 0x000000061b200000|  0%| F|  |TAMS 0x000000061b000000, 0x000000061b000000| Untracked 
| 193|0x000000061b200000, 0x000000061b200000, 0x000000061b400000|  0%| F|  |TAMS 0x000000061b200000, 0x000000061b200000| Untracked 
| 194|0x000000061b400000, 0x000000061b400000, 0x000000061b600000|  0%| F|  |TAMS 0x000000061b400000, 0x000000061b400000| Untracked 
| 195|0x000000061b600000, 0x000000061b600000, 0x000000061b800000|  0%| F|  |TAMS 0x000000061b600000, 0x000000061b600000| Untracked 
| 196|0x000000061b800000, 0x000000061b800000, 0x000000061ba00000|  0%| F|  |TAMS 0x000000061b800000, 0x000000061b800000| Untracked 
| 197|0x000000061ba00000, 0x000000061ba00000, 0x000000061bc00000|  0%| F|  |TAMS 0x000000061ba00000, 0x000000061ba00000| Untracked 
| 198|0x000000061bc00000, 0x000000061bc00000, 0x000000061be00000|  0%| F|  |TAMS 0x000000061bc00000, 0x000000061bc00000| Untracked 
| 199|0x000000061be00000, 0x000000061be00000, 0x000000061c000000|  0%| F|  |TAMS 0x000000061be00000, 0x000000061be00000| Untracked 
| 200|0x000000061c000000, 0x000000061c000000, 0x000000061c200000|  0%| F|  |TAMS 0x000000061c000000, 0x000000061c000000| Untracked 
| 201|0x000000061c200000, 0x000000061c200000, 0x000000061c400000|  0%| F|  |TAMS 0x000000061c200000, 0x000000061c200000| Untracked 
| 202|0x000000061c400000, 0x000000061c400000, 0x000000061c600000|  0%| F|  |TAMS 0x000000061c400000, 0x000000061c400000| Untracked 
| 203|0x000000061c600000, 0x000000061c600000, 0x000000061c800000|  0%| F|  |TAMS 0x000000061c600000, 0x000000061c600000| Untracked 
| 204|0x000000061c800000, 0x000000061c800000, 0x000000061ca00000|  0%| F|  |TAMS 0x000000061c800000, 0x000000061c800000| Untracked 
| 205|0x000000061ca00000, 0x000000061ca00000, 0x000000061cc00000|  0%| F|  |TAMS 0x000000061ca00000, 0x000000061ca00000| Untracked 
| 206|0x000000061cc00000, 0x000000061cc00000, 0x000000061ce00000|  0%| F|  |TAMS 0x000000061cc00000, 0x000000061cc00000| Untracked 
| 207|0x000000061ce00000, 0x000000061ce00000, 0x000000061d000000|  0%| F|  |TAMS 0x000000061ce00000, 0x000000061ce00000| Untracked 
| 208|0x000000061d000000, 0x000000061d000000, 0x000000061d200000|  0%| F|  |TAMS 0x000000061d000000, 0x000000061d000000| Untracked 
| 209|0x000000061d200000, 0x000000061d200000, 0x000000061d400000|  0%| F|  |TAMS 0x000000061d200000, 0x000000061d200000| Untracked 
| 210|0x000000061d400000, 0x000000061d400000, 0x000000061d600000|  0%| F|  |TAMS 0x000000061d400000, 0x000000061d400000| Untracked 
| 211|0x000000061d600000, 0x000000061d600000, 0x000000061d800000|  0%| F|  |TAMS 0x000000061d600000, 0x000000061d600000| Untracked 
| 212|0x000000061d800000, 0x000000061d800000, 0x000000061da00000|  0%| F|  |TAMS 0x000000061d800000, 0x000000061d800000| Untracked 
| 213|0x000000061da00000, 0x000000061da00000, 0x000000061dc00000|  0%| F|  |TAMS 0x000000061da00000, 0x000000061da00000| Untracked 
| 214|0x000000061dc00000, 0x000000061dc00000, 0x000000061de00000|  0%| F|  |TAMS 0x000000061dc00000, 0x000000061dc00000| Untracked 
| 215|0x000000061de00000, 0x000000061de00000, 0x000000061e000000|  0%| F|  |TAMS 0x000000061de00000, 0x000000061de00000| Untracked 
| 216|0x000000061e000000, 0x000000061e000000, 0x000000061e200000|  0%| F|  |TAMS 0x000000061e000000, 0x000000061e000000| Untracked 
| 217|0x000000061e200000, 0x000000061e200000, 0x000000061e400000|  0%| F|  |TAMS 0x000000061e200000, 0x000000061e200000| Untracked 
| 218|0x000000061e400000, 0x000000061e400000, 0x000000061e600000|  0%| F|  |TAMS 0x000000061e400000, 0x000000061e400000| Untracked 
| 219|0x000000061e600000, 0x000000061e600000, 0x000000061e800000|  0%| F|  |TAMS 0x000000061e600000, 0x000000061e600000| Untracked 
| 220|0x000000061e800000, 0x000000061e800000, 0x000000061ea00000|  0%| F|  |TAMS 0x000000061e800000, 0x000000061e800000| Untracked 
| 221|0x000000061ea00000, 0x000000061ea00000, 0x000000061ec00000|  0%| F|  |TAMS 0x000000061ea00000, 0x000000061ea00000| Untracked 
| 222|0x000000061ec00000, 0x000000061ec00000, 0x000000061ee00000|  0%| F|  |TAMS 0x000000061ec00000, 0x000000061ec00000| Untracked 
| 223|0x000000061ee00000, 0x000000061ee00000, 0x000000061f000000|  0%| F|  |TAMS 0x000000061ee00000, 0x000000061ee00000| Untracked 
| 224|0x000000061f000000, 0x000000061f000000, 0x000000061f200000|  0%| F|  |TAMS 0x000000061f000000, 0x000000061f000000| Untracked 
| 225|0x000000061f200000, 0x000000061f200000, 0x000000061f400000|  0%| F|  |TAMS 0x000000061f200000, 0x000000061f200000| Untracked 
| 226|0x000000061f400000, 0x000000061f400000, 0x000000061f600000|  0%| F|  |TAMS 0x000000061f400000, 0x000000061f400000| Untracked 
| 227|0x000000061f600000, 0x000000061f600000, 0x000000061f800000|  0%| F|  |TAMS 0x000000061f600000, 0x000000061f600000| Untracked 
| 228|0x000000061f800000, 0x000000061f800000, 0x000000061fa00000|  0%| F|  |TAMS 0x000000061f800000, 0x000000061f800000| Untracked 
| 229|0x000000061fa00000, 0x000000061fa00000, 0x000000061fc00000|  0%| F|  |TAMS 0x000000061fa00000, 0x000000061fa00000| Untracked 
| 230|0x000000061fc00000, 0x000000061fc00000, 0x000000061fe00000|  0%| F|  |TAMS 0x000000061fc00000, 0x000000061fc00000| Untracked 
| 231|0x000000061fe00000, 0x000000061fe00000, 0x0000000620000000|  0%| F|  |TAMS 0x000000061fe00000, 0x000000061fe00000| Untracked 
| 232|0x0000000620000000, 0x0000000620000000, 0x0000000620200000|  0%| F|  |TAMS 0x0000000620000000, 0x0000000620000000| Untracked 
| 233|0x0000000620200000, 0x0000000620200000, 0x0000000620400000|  0%| F|  |TAMS 0x0000000620200000, 0x0000000620200000| Untracked 
| 234|0x0000000620400000, 0x0000000620400000, 0x0000000620600000|  0%| F|  |TAMS 0x0000000620400000, 0x0000000620400000| Untracked 
| 235|0x0000000620600000, 0x0000000620600000, 0x0000000620800000|  0%| F|  |TAMS 0x0000000620600000, 0x0000000620600000| Untracked 
| 236|0x0000000620800000, 0x0000000620800000, 0x0000000620a00000|  0%| F|  |TAMS 0x0000000620800000, 0x0000000620800000| Untracked 
| 237|0x0000000620a00000, 0x0000000620a00000, 0x0000000620c00000|  0%| F|  |TAMS 0x0000000620a00000, 0x0000000620a00000| Untracked 
| 238|0x0000000620c00000, 0x0000000620c00000, 0x0000000620e00000|  0%| F|  |TAMS 0x0000000620c00000, 0x0000000620c00000| Untracked 
| 239|0x0000000620e00000, 0x0000000620e00000, 0x0000000621000000|  0%| F|  |TAMS 0x0000000620e00000, 0x0000000620e00000| Untracked 
| 240|0x0000000621000000, 0x0000000621000000, 0x0000000621200000|  0%| F|  |TAMS 0x0000000621000000, 0x0000000621000000| Untracked 
| 241|0x0000000621200000, 0x0000000621400000, 0x0000000621400000|100%| S|CS|TAMS 0x0000000621200000, 0x0000000621200000| Complete 
| 242|0x0000000621400000, 0x0000000621600000, 0x0000000621600000|100%| S|CS|TAMS 0x0000000621400000, 0x0000000621400000| Complete 
| 243|0x0000000621600000, 0x0000000621600000, 0x0000000621800000|  0%| F|  |TAMS 0x0000000621600000, 0x0000000621600000| Untracked 
| 244|0x0000000621800000, 0x0000000621800000, 0x0000000621a00000|  0%| F|  |TAMS 0x0000000621800000, 0x0000000621800000| Untracked 
| 245|0x0000000621a00000, 0x0000000621c00000, 0x0000000621c00000|100%| E|CS|TAMS 0x0000000621a00000, 0x0000000621a00000| Complete 
| 246|0x0000000621c00000, 0x0000000621e00000, 0x0000000621e00000|100%| E|CS|TAMS 0x0000000621c00000, 0x0000000621c00000| Complete 
| 247|0x0000000621e00000, 0x0000000622000000, 0x0000000622000000|100%| E|CS|TAMS 0x0000000621e00000, 0x0000000621e00000| Complete 
| 248|0x0000000622000000, 0x0000000622200000, 0x0000000622200000|100%| E|CS|TAMS 0x0000000622000000, 0x0000000622000000| Complete 
| 249|0x0000000622200000, 0x0000000622400000, 0x0000000622400000|100%| E|CS|TAMS 0x0000000622200000, 0x0000000622200000| Complete 
| 250|0x0000000622400000, 0x0000000622600000, 0x0000000622600000|100%| E|CS|TAMS 0x0000000622400000, 0x0000000622400000| Complete 
| 251|0x0000000622600000, 0x0000000622800000, 0x0000000622800000|100%| E|CS|TAMS 0x0000000622600000, 0x0000000622600000| Complete 
| 252|0x0000000622800000, 0x0000000622a00000, 0x0000000622a00000|100%| E|CS|TAMS 0x0000000622800000, 0x0000000622800000| Complete 
| 253|0x0000000622a00000, 0x0000000622c00000, 0x0000000622c00000|100%| E|CS|TAMS 0x0000000622a00000, 0x0000000622a00000| Complete 
| 254|0x0000000622c00000, 0x0000000622e00000, 0x0000000622e00000|100%| E|  |TAMS 0x0000000622c00000, 0x0000000622c00000| Complete 

Card table byte_map: [0x0000028664990000,0x0000028665980000] _byte_map_base: 0x0000028661978000

Marking Bits (Prev, Next): (CMBitMap*) 0x000002864b443578, (CMBitMap*) 0x000002864b4435b0
 Prev Bits: [0x0000028666970000, 0x000002866e8b0000)
 Next Bits: [0x000002866e8b0000, 0x00000286767f0000)

Polling page: 0x000002864b3a0000

Metaspace:

Usage:
  Non-class:     12.98 MB capacity,    12.83 MB ( 99%) used,   116.61 KB ( <1%) free+waste,    32.81 KB ( <1%) overhead. 
      Class:      1.59 MB capacity,     1.46 MB ( 92%) used,   118.63 KB (  7%) free+waste,    15.31 KB ( <1%) overhead. 
       Both:     14.57 MB capacity,    14.29 MB ( 98%) used,   235.23 KB (  2%) free+waste,    48.13 KB ( <1%) overhead. 

Virtual space:
  Non-class space:       14.00 MB reserved,      13.00 MB ( 93%) committed 
      Class space:        1.00 GB reserved,       1.63 MB ( <1%) committed 
             Both:        1.01 GB reserved,      14.63 MB (  1%) committed 

Chunk freelists:
   Non-Class:  25.00 KB
       Class:  4.00 KB
        Both:  29.00 KB

MaxMetaspaceSize: 17179869184.00 GB
CompressedClassSpaceSize: 1.00 GB

CodeHeap 'non-profiled nmethods': size=238336Kb used=1843Kb max_used=1843Kb free=236492Kb
 bounds [0x0000028654970000, 0x0000028654be0000, 0x0000028663230000]
CodeHeap 'non-nmethods': size=7424Kb used=1197Kb max_used=1197Kb free=6226Kb
 bounds [0x0000028654230000, 0x00000286544a0000, 0x0000028654970000]
 total_blobs=1887 nmethods=1199 adapters=350
 compilation: enabled
              stopped_count=0, restarted_count=0
 full_count=0

Compilation events (20 events):
Event: 9.011 Thread 0x00000286796eb800 1187       1       org.eclipse.jdt.launching.internal.org.objectweb.asm.SymbolTable::hash (10 bytes)
Event: 9.011 Thread 0x00000286796eb800 nmethod 1187 0x0000028654b39810 code [0x0000028654b399c0, 0x0000028654b39af0]
Event: 9.011 Thread 0x00000286796eb800 1191       1       org.eclipse.jdt.launching.internal.org.objectweb.asm.ByteVector::putShort (52 bytes)
Event: 9.011 Thread 0x00000286796eb800 nmethod 1191 0x0000028654b39b90 code [0x0000028654b39d40, 0x0000028654b39f30]
Event: 9.011 Thread 0x00000286796eb800 1190       1       org.eclipse.jdt.launching.internal.org.objectweb.asm.ByteVector::putByte (39 bytes)
Event: 9.011 Thread 0x00000286796eb800 nmethod 1190 0x0000028654b3a090 code [0x0000028654b3a240, 0x0000028654b3a3f0]
Event: 9.011 Thread 0x00000286796eb800 1194       1       org.eclipse.jdt.launching.internal.org.objectweb.asm.SymbolTable::put (150 bytes)
Event: 9.012 Thread 0x00000286796eb800 nmethod 1194 0x0000028654b3a510 code [0x0000028654b3a700, 0x0000028654b3ad58]
Event: 9.012 Thread 0x00000286796eb800 1193       1       org.eclipse.jdt.launching.internal.org.objectweb.asm.Symbol::<init> (38 bytes)
Event: 9.012 Thread 0x00000286796eb800 nmethod 1193 0x0000028654b3b010 code [0x0000028654b3b1c0, 0x0000028654b3b418]
Event: 9.012 Thread 0x00000286796eb800 1195       1       org.eclipse.jdt.launching.internal.org.objectweb.asm.ClassReader::createDebugLabel (23 bytes)
Event: 9.012 Thread 0x00000286796eb800 nmethod 1195 0x0000028654b3b490 code [0x0000028654b3b660, 0x0000028654b3b958]
Event: 9.012 Thread 0x00000286796eb800 1196       1       org.eclipse.jdt.launching.internal.org.objectweb.asm.ByteVector::put12 (64 bytes)
Event: 9.012 Thread 0x00000286796eb800 nmethod 1196 0x0000028654b3bb10 code [0x0000028654b3bce0, 0x0000028654b3bef0]
Event: 9.012 Thread 0x00000286796eb800 1197       1       sun.security.x509.X509CertImpl::getEncodedInternal (22 bytes)
Event: 9.013 Thread 0x00000286796eb800 nmethod 1197 0x0000028654b3c090 code [0x0000028654b3c260, 0x0000028654b3c410]
Event: 9.013 Thread 0x00000286796eb800 1198       1       org.eclipse.jdt.launching.internal.org.objectweb.asm.ByteVector::putInt (74 bytes)
Event: 9.013 Thread 0x00000286796eb800 nmethod 1198 0x0000028654b3c510 code [0x0000028654b3c6e0, 0x0000028654b3c910]
Event: 9.014 Thread 0x00000286796eb800 1199       1       org.eclipse.jdt.launching.internal.org.objectweb.asm.SymbolTable$Entry::<init> (17 bytes)
Event: 9.014 Thread 0x00000286796eb800 nmethod 1199 0x0000028654b3ca90 code [0x0000028654b3cc40, 0x0000028654b3cdd0]

GC Heap History (2 events):
Event: 0.728 GC heap before
{Heap before GC invocations=0 (full 0):
 garbage-first heap   total 522240K, used 22528K [0x0000000603000000, 0x0000000800000000)
  region size 2048K, 12 young (24576K), 0 survivors (0K)
 Metaspace       used 5933K, capacity 6015K, committed 6272K, reserved 1056768K
  class space    used 519K, capacity 534K, committed 640K, reserved 1048576K
}
Event: 0.734 GC heap after
{Heap after GC invocations=1 (full 0):
 garbage-first heap   total 522240K, used 18016K [0x0000000603000000, 0x0000000800000000)
  region size 2048K, 2 young (4096K), 2 survivors (4096K)
 Metaspace       used 5933K, capacity 6015K, committed 6272K, reserved 1056768K
  class space    used 519K, capacity 534K, committed 640K, reserved 1048576K
}

Deoptimization events (4 events):
Event: 0.610 Thread 0x000002864bc9e000 DEOPT PACKING pc=0x00000286549f3f34 sp=0x000000b0b18fce20
Event: 0.610 Thread 0x000002864bc9e000 DEOPT UNPACKING pc=0x000002865426d6ce sp=0x000000b0b18fc2f0 mode 1
Event: 0.613 Thread 0x000002864bc9e000 DEOPT PACKING pc=0x00000286549f3f34 sp=0x000000b0b18fce20
Event: 0.613 Thread 0x000002864bc9e000 DEOPT UNPACKING pc=0x000002865426d6ce sp=0x000000b0b18fc2f0 mode 1

Classes redefined (0 events):
No events

Internal exceptions (20 events):
Event: 0.613 Thread 0x000002864bc9e000 Exception <a 'java/security/PrivilegedActionException'{0x0000000622475c10}> (0x0000000622475c10) thrown at [./src/hotspot/share/prims/jvm.cpp, line 1297]
Event: 0.825 Thread 0x000002864bc9e000 Exception <a 'java/lang/NoSuchMethodError'{0x0000000622b62370}: 'java.lang.Object java.lang.invoke.DirectMethodHandle$Holder.invokeStaticInit(java.lang.Object, java.lang.Object, java.lang.Object)'> (0x0000000622b62370) thrown at [./src/hotspot/share/interpreter/linkResolver.cpp, line 773]
Event: 0.828 Thread 0x000002864bc9e000 Exception <a 'java/lang/NoSuchMethodError'{0x0000000622b82be0}: 'int java.lang.invoke.DirectMethodHandle$Holder.invokeInterface(java.lang.Object, java.lang.Object)'> (0x0000000622b82be0) thrown at [./src/hotspot/share/interpreter/linkResolver.cpp, line 773]
Event: 0.828 Thread 0x000002864bc9e000 Exception <a 'java/lang/IncompatibleClassChangeError'{0x0000000622b85958}: Found class java.lang.Object, but interface was expected> (0x0000000622b85958) thrown at [./src/hotspot/share/interpreter/linkResolver.cpp, line 839]
Event: 0.864 Thread 0x000002864bc9e000 Exception <a 'java/lang/NoSuchMethodError'{0x00000006228fefc8}: 'java.lang.Object java.lang.invoke.DirectMethodHandle$Holder.invokeStatic(java.lang.Object, java.lang.Object, java.lang.Object, java.lang.Object, java.lang.Object, java.lang.Object, java.lang.Object, java.lang.Object, java.lang.Object, java.lang.Object, java.lang.Object, int)'> (0x00000006228fefc8) thrown at [./src/hotspot/share/interpreter/linkResolver.cpp, line 773]
Event: 0.865 Thread 0x000002864bc9e000 Exception <a 'java/lang/NoSuchMethodError'{0x000000062291e490}: 'java.lang.Object java.lang.invoke.DirectMethodHandle$Holder.invokeStatic(java.lang.Object, java.lang.Object, java.lang.Object, java.lang.Object, java.lang.Object, java.lang.Object, java.lang.Object, java.lang.Object, java.lang.Object, java.lang.Object, java.lang.Object, int, int)'> (0x000000062291e490) thrown at [./src/hotspot/share/interpreter/linkResolver.cpp, line 773]
Event: 0.866 Thread 0x000002864bc9e000 Exception <a 'java/lang/NoSuchMethodError'{0x000000062293ebe8}: 'java.lang.Object java.lang.invoke.DirectMethodHandle$Holder.invokeStatic(java.lang.Object, java.lang.Object, java.lang.Object, java.lang.Object, java.lang.Object, java.lang.Object, java.lang.Object, java.lang.Object, java.lang.Object, java.lang.Object, java.lang.Object, int, int, java.lang.Object)'> (0x000000062293ebe8) thrown at [./src/hotspot/share/interpreter/linkResolver.cpp, line 773]
Event: 0.868 Thread 0x000002864bc9e000 Exception <a 'java/lang/NoSuchMethodError'{0x00000006229608e8}: 'java.lang.Object java.lang.invoke.DirectMethodHandle$Holder.invokeStatic(java.lang.Object, java.lang.Object, java.lang.Object, java.lang.Object, java.lang.Object, java.lang.Object, java.lang.Object, java.lang.Object, java.lang.Object, java.lang.Object, java.lang.Object, int, int, java.lang.Object, java.lang.Object)'> (0x00000006229608e8) thrown at [./src/hotspot/share/interpreter/linkResolver.cpp, line 773]
Event: 0.930 Thread 0x000002864bc9e000 Exception <a 'java/lang/NoSuchMethodError'{0x0000000622412590}: 'int java.lang.invoke.DirectMethodHandle$Holder.invokeSpecialIFC(java.lang.Object, java.lang.Object, java.lang.Object)'> (0x0000000622412590) thrown at [./src/hotspot/share/interpreter/linkResolver.cpp, line 773]
Event: 0.940 Thread 0x000002864bc9e000 Exception <a 'java/lang/NoSuchMethodError'{0x00000006224953b0}: 'java.lang.Object java.lang.invoke.DirectMethodHandle$Holder.invokeStatic(java.lang.Object, int, int, int, int)'> (0x00000006224953b0) thrown at [./src/hotspot/share/interpreter/linkResolver.cpp, line 773]
Event: 0.940 Thread 0x000002864bc9e000 Exception <a 'java/lang/NoSuchMethodError'{0x00000006224984d8}: 'java.lang.Object java.lang.invoke.DirectMethodHandle$Holder.invokeStaticInit(java.lang.Object, int, int, int, int)'> (0x00000006224984d8) thrown at [./src/hotspot/share/interpreter/linkResolver.cpp, line 773]
Event: 0.943 Thread 0x000002864bc9e000 Exception <a 'java/io/FileNotFoundException'{0x00000006224a1d00}> (0x00000006224a1d00) thrown at [./src/hotspot/share/prims/jni.cpp, line 615]
Event: 0.943 Thread 0x000002864bc9e000 Exception <a 'java/security/PrivilegedActionException'{0x00000006224a2228}> (0x00000006224a2228) thrown at [./src/hotspot/share/prims/jvm.cpp, line 1297]
Event: 1.657 Thread 0x000002864bc9e000 Exception <a 'java/lang/NoSuchMethodError'{0x00000006224f33b0}: 'java.lang.Object java.lang.invoke.DirectMethodHandle$Holder.invokeStatic(java.lang.Object, java.lang.Object, int, int, int, int)'> (0x00000006224f33b0) thrown at [./src/hotspot/share/interpreter/linkResolver.cpp, line 773]
Event: 1.657 Thread 0x000002864bc9e000 Exception <a 'java/lang/NoSuchMethodError'{0x00000006224f6708}: 'java.lang.Object java.lang.invoke.DirectMethodHandle$Holder.invokeStaticInit(java.lang.Object, java.lang.Object, int, int, int, int)'> (0x00000006224f6708) thrown at [./src/hotspot/share/interpreter/linkResolver.cpp, line 773]
Event: 8.955 Thread 0x000002864bc9e000 Exception <a 'java/lang/ClassNotFoundException'{0x000000062252ff20}: javax/management/remote/rmi/RMIServerImpl_Skel> (0x000000062252ff20) thrown at [./src/hotspot/share/classfile/systemDictionary.cpp, line 231]
Event: 8.977 Thread 0x000002864bc9e000 Exception <a 'java/lang/ClassNotFoundException'{0x0000000622221870}: jdk/internal/agent/resources/spi/agentProvider> (0x0000000622221870) thrown at [./src/hotspot/share/classfile/systemDictionary.cpp, line 231]
Event: 8.982 Thread 0x000002864bc9e000 Exception <a 'java/lang/NoSuchMethodError'{0x00000006222844f8}: 'java.lang.Object java.lang.invoke.DirectMethodHandle$Holder.invokeStatic(java.lang.Object, java.lang.Object, java.lang.Object, java.lang.Object, java.lang.Object, java.lang.Object, java.lang.Object, java.lang.Object, java.lang.Object, java.lang.Object, java.lang.Object, java.lang.Object, java.lang.Object, int)'> (0x00000006222844f8) thrown at [./src/hotspot/share/interpreter/linkResolver.cpp, line 773]
Event: 8.983 Thread 0x000002864bc9e000 Exception <a 'java/lang/NoSuchMethodError'{0x0000000622291f88}: 'java.lang.Object java.lang.invoke.DirectMethodHandle$Holder.invokeStatic(java.lang.Object, java.lang.Object, java.lang.Object, java.lang.Object, java.lang.Object, java.lang.Object, java.lang.Object, java.lang.Object, java.lang.Object, java.lang.Object, java.lang.Object, java.lang.Object, java.lang.Object, int, int)'> (0x0000000622291f88) thrown at [./src/hotspot/share/interpreter/linkResolver.cpp, line 773]
Event: 8.984 Thread 0x000002864bc9e000 Exception <a 'java/lang/NoSuchMethodError'{0x00000006222acd90}: 'java.lang.Object java.lang.invoke.DelegatingMethodHandle$Holder.reinvoke_L(java.lang.Object, int, java.lang.Object)'> (0x00000006222acd90) thrown at [./src/hotspot/share/interpreter/linkResolver.cpp, line 773]

Events (20 events):
Event: 9.004 loading class org/eclipse/jdt/launching/internal/org/objectweb/asm/Type
Event: 9.004 loading class org/eclipse/jdt/launching/internal/org/objectweb/asm/Type done
Event: 9.005 loading class org/eclipse/jdt/launching/internal/org/objectweb/asm/Handler
Event: 9.005 loading class org/eclipse/jdt/launching/internal/org/objectweb/asm/Handler done
Event: 9.006 loading class springfox/documentation/spring/web/plugins/Docket
Event: 9.006 loading class springfox/documentation/spring/web/plugins/Docket done
Event: 9.007 loading class org/eclipse/jdt/launching/internal/org/objectweb/asm/FieldWriter
Event: 9.007 loading class org/eclipse/jdt/launching/internal/org/objectweb/asm/FieldWriter done
Event: 9.008 loading class org/eclipse/jdt/launching/internal/org/objectweb/asm/FieldVisitor
Event: 9.008 loading class org/eclipse/jdt/launching/internal/org/objectweb/asm/FieldVisitor done
Event: 9.010 loading class org/eclipse/jdt/launching/internal/org/objectweb/asm/Opcodes
Event: 9.010 loading class org/eclipse/jdt/launching/internal/org/objectweb/asm/Opcodes done
Event: 9.012 loading class org/eclipse/jdt/launching/internal/org/objectweb/asm/Handle
Event: 9.012 loading class org/eclipse/jdt/launching/internal/org/objectweb/asm/Handle done
Event: 9.013 loading class springfox/documentation/spi/service/DocumentationPlugin
Event: 9.013 loading class springfox/documentation/spi/service/DocumentationPlugin done
Event: 9.014 loading class org/springframework/plugin/core/Plugin
Event: 9.014 loading class org/springframework/plugin/core/Plugin done
Event: 9.014 loading class org/springframework/boot/SpringApplication
Event: 9.014 loading class org/springframework/boot/SpringApplication done


Dynamic libraries:
0x00007ff7a12e0000 - 0x00007ff7a12ed000 	C:\Program Files\AdoptOpenJDK\jdk-11.0.7.10-hotspot\bin\javaw.exe
0x00007ffbc4f10000 - 0x00007ffbc5105000 	C:\WINDOWS\SYSTEM32\ntdll.dll
0x00007ffbc3070000 - 0x00007ffbc312e000 	C:\WINDOWS\System32\KERNEL32.DLL
0x00007ffbc2870000 - 0x00007ffbc2b38000 	C:\WINDOWS\System32\KERNELBASE.dll
0x00007ffbbfb40000 - 0x00007ffbbfbd0000 	C:\WINDOWS\SYSTEM32\apphelp.dll
0x00007ffb39320000 - 0x00007ffb397b4000 	C:\WINDOWS\SYSTEM32\AcLayers.DLL
0x00007ffbc4120000 - 0x00007ffbc41be000 	C:\WINDOWS\System32\msvcrt.dll
0x00007ffbc4340000 - 0x00007ffbc44e0000 	C:\WINDOWS\System32\USER32.dll
0x00007ffbc2ce0000 - 0x00007ffbc2d02000 	C:\WINDOWS\System32\win32u.dll
0x00007ffbc2f60000 - 0x00007ffbc2f8b000 	C:\WINDOWS\System32\GDI32.dll
0x00007ffbc2e50000 - 0x00007ffbc2f5d000 	C:\WINDOWS\System32\gdi32full.dll
0x00007ffbc27d0000 - 0x00007ffbc286d000 	C:\WINDOWS\System32\msvcp_win.dll
0x00007ffbc2b40000 - 0x00007ffbc2c40000 	C:\WINDOWS\System32\ucrtbase.dll
0x00007ffbc4b20000 - 0x00007ffbc4b75000 	C:\WINDOWS\System32\SHLWAPI.dll
0x00007ffbc4970000 - 0x00007ffbc4a1e000 	C:\WINDOWS\System32\ADVAPI32.dll
0x00007ffbc4a80000 - 0x00007ffbc4b1c000 	C:\WINDOWS\System32\sechost.dll
0x00007ffbc44e0000 - 0x00007ffbc4605000 	C:\WINDOWS\System32\RPCRT4.dll
0x00000286495b0000 - 0x00000286495b3000 	C:\WINDOWS\SYSTEM32\sfc.dll
0x00007ffba9280000 - 0x00007ffba9315000 	C:\WINDOWS\SYSTEM32\WINSPOOL.DRV
0x00007ffba1fe0000 - 0x00007ffba1ff2000 	C:\WINDOWS\SYSTEM32\sfc_os.DLL
0x00007ffb944d0000 - 0x00007ffb94531000 	C:\WINDOWS\SYSTEM32\AcGenral.DLL
0x00007ffbc3130000 - 0x00007ffbc325a000 	C:\WINDOWS\System32\ole32.dll
0x00007ffbc4610000 - 0x00007ffbc4965000 	C:\WINDOWS\System32\combase.dll
0x00007ffbc32d0000 - 0x00007ffbc3a14000 	C:\WINDOWS\System32\SHELL32.dll
0x00007ffbc2520000 - 0x00007ffbc254e000 	C:\WINDOWS\SYSTEM32\USERENV.dll
0x00007ffbba7c0000 - 0x00007ffbba7dd000 	C:\WINDOWS\SYSTEM32\MPR.dll
0x00007ffbc24e0000 - 0x00007ffbc2511000 	C:\WINDOWS\SYSTEM32\SspiCli.dll
0x00007ffbaad10000 - 0x00007ffbaad21000 	C:\WINDOWS\SYSTEM32\SortWindows61.dll
0x00007ffbc4230000 - 0x00007ffbc4260000 	C:\WINDOWS\System32\IMM32.DLL
0x00007ffba4ac0000 - 0x00007ffba4ad7000 	C:\Program Files\AdoptOpenJDK\jdk-11.0.7.10-hotspot\bin\jli.dll
0x00007ffba2580000 - 0x00007ffba2595000 	C:\Program Files\AdoptOpenJDK\jdk-11.0.7.10-hotspot\bin\VCRUNTIME140.dll
0x00007ffba8fe0000 - 0x00007ffba927a000 	C:\WINDOWS\WinSxS\amd64_microsoft.windows.common-controls_6595b64144ccf1df_6.0.19041.1110_none_60b5254171f9507e\COMCTL32.dll
0x00007ffb90bd0000 - 0x00007ffb90c6b000 	C:\Program Files\AdoptOpenJDK\jdk-11.0.7.10-hotspot\bin\msvcp140.dll
0x00007ffb2fce0000 - 0x00007ffb3079c000 	C:\Program Files\AdoptOpenJDK\jdk-11.0.7.10-hotspot\bin\server\jvm.dll
0x00007ffbc4e10000 - 0x00007ffbc4e18000 	C:\WINDOWS\System32\PSAPI.DLL
0x00007ffbb5230000 - 0x00007ffbb5239000 	C:\WINDOWS\SYSTEM32\WSOCK32.dll
0x00007ffbb6880000 - 0x00007ffbb68a7000 	C:\WINDOWS\SYSTEM32\WINMM.dll
0x00007ffbb8530000 - 0x00007ffbb853a000 	C:\WINDOWS\SYSTEM32\VERSION.dll
0x00007ffbc41c0000 - 0x00007ffbc422b000 	C:\WINDOWS\System32\WS2_32.dll
0x00007ffbc04d0000 - 0x00007ffbc04e2000 	C:\WINDOWS\SYSTEM32\kernel.appcore.dll
0x00007ffbbdca0000 - 0x00007ffbbdcb0000 	C:\Program Files\AdoptOpenJDK\jdk-11.0.7.10-hotspot\bin\verify.dll
0x00007ffbbfd60000 - 0x00007ffbbff44000 	C:\WINDOWS\SYSTEM32\DBGHELP.DLL
0x00007ffbb7340000 - 0x00007ffbb736c000 	C:\WINDOWS\SYSTEM32\dbgcore.DLL
0x00007ffbc2dc0000 - 0x00007ffbc2e42000 	C:\WINDOWS\System32\bcryptPrimitives.dll
0x00007ffba4ae0000 - 0x00007ffba4b08000 	C:\Program Files\AdoptOpenJDK\jdk-11.0.7.10-hotspot\bin\java.dll
0x00007ffba30f0000 - 0x00007ffba3128000 	C:\Program Files\AdoptOpenJDK\jdk-11.0.7.10-hotspot\bin\jdwp.dll
0x00007ffbb7900000 - 0x00007ffbb790e000 	C:\Program Files\AdoptOpenJDK\jdk-11.0.7.10-hotspot\bin\instrument.dll
0x00007ffba4760000 - 0x00007ffba4776000 	C:\Program Files\AdoptOpenJDK\jdk-11.0.7.10-hotspot\bin\zip.dll
0x00007ffbb6650000 - 0x00007ffbb665a000 	C:\Program Files\AdoptOpenJDK\jdk-11.0.7.10-hotspot\bin\jimage.dll
0x00007ffbc06d0000 - 0x00007ffbc0e64000 	C:\WINDOWS\SYSTEM32\windows.storage.dll
0x00007ffbc1f90000 - 0x00007ffbc1fbe000 	C:\WINDOWS\SYSTEM32\Wldp.dll
0x00007ffbc4e20000 - 0x00007ffbc4ecd000 	C:\WINDOWS\System32\SHCORE.dll
0x00007ffbc2560000 - 0x00007ffbc257f000 	C:\WINDOWS\SYSTEM32\profapi.dll
0x00007ffbbe090000 - 0x00007ffbbe09a000 	C:\Program Files\AdoptOpenJDK\jdk-11.0.7.10-hotspot\bin\dt_socket.dll
0x00007ffbc1d70000 - 0x00007ffbc1dda000 	C:\WINDOWS\System32\mswsock.dll
0x00007ffbc1a70000 - 0x00007ffbc1b3b000 	C:\WINDOWS\SYSTEM32\DNSAPI.dll
0x00007ffbc1a30000 - 0x00007ffbc1a6b000 	C:\WINDOWS\SYSTEM32\IPHLPAPI.DLL
0x00007ffbc2f90000 - 0x00007ffbc2f98000 	C:\WINDOWS\System32\NSI.dll
0x00007ffbba1e0000 - 0x00007ffbba25f000 	C:\WINDOWS\System32\fwpuclnt.dll
0x00007ffbc2c40000 - 0x00007ffbc2c67000 	C:\WINDOWS\System32\bcrypt.dll
0x00007ffbb7930000 - 0x00007ffbb793a000 	C:\Windows\System32\rasadhlp.dll
0x00007ffba45b0000 - 0x00007ffba45c9000 	C:\Program Files\AdoptOpenJDK\jdk-11.0.7.10-hotspot\bin\net.dll
0x00007ffbba4e0000 - 0x00007ffbba5ec000 	C:\WINDOWS\SYSTEM32\WINHTTP.dll
0x00007ffba4430000 - 0x00007ffba4442000 	C:\Program Files\AdoptOpenJDK\jdk-11.0.7.10-hotspot\bin\nio.dll
0x00007ffba9620000 - 0x00007ffba9629000 	C:\Program Files\AdoptOpenJDK\jdk-11.0.7.10-hotspot\bin\management.dll
0x00007ffba4ca0000 - 0x00007ffba4cab000 	C:\Program Files\AdoptOpenJDK\jdk-11.0.7.10-hotspot\bin\management_ext.dll
0x00007ffba7ae0000 - 0x00007ffba7af7000 	C:\WINDOWS\system32\napinsp.dll
0x00007ffba79c0000 - 0x00007ffba79db000 	C:\WINDOWS\system32\pnrpnsp.dll
0x00007ffb99dd0000 - 0x00007ffb99de5000 	C:\WINDOWS\system32\wshbth.dll
0x00007ffbbdf80000 - 0x00007ffbbdf9d000 	C:\WINDOWS\system32\NLAapi.dll
0x00007ffb99a10000 - 0x00007ffb99a22000 	C:\WINDOWS\System32\winrnr.dll
0x00007ffbbbd40000 - 0x00007ffbbbd57000 	C:\WINDOWS\SYSTEM32\dhcpcsvc6.DLL
0x00007ffbbbd20000 - 0x00007ffbbbd3d000 	C:\WINDOWS\SYSTEM32\dhcpcsvc.DLL

dbghelp: loaded successfully - version: 4.0.5 - missing functions: none
symbol engine: initialized successfully - sym options: 0x614 - pdb path: .;C:\Program Files\AdoptOpenJDK\jdk-11.0.7.10-hotspot\bin;C:\WINDOWS\SYSTEM32;C:\WINDOWS\WinSxS\amd64_microsoft.windows.common-controls_6595b64144ccf1df_6.0.19041.1110_none_60b5254171f9507e;C:\Program Files\AdoptOpenJDK\jdk-11.0.7.10-hotspot\bin\server

VM Arguments:
jvm_args: -agentlib:jdwp=transport=dt_socket,suspend=y,address=localhost:58042 -Dcom.sun.management.jmxremote -Dcom.sun.management.jmxremote.port=58034 -Dcom.sun.management.jmxremote.authenticate=false -Dcom.sun.management.jmxremote.ssl=false -Djava.rmi.server.hostname=localhost -Dspring.jmx.enabled=true -Dspring.application.admin.enabled=true -Djava.security.egd=file:/dev/./urandom -Xverify:none -XX:TieredStopAtLevel=1 -Dspring.boot.project.name=heroku-demo -javaagent:C:\Users\HP\Downloads\sts-4.6.2.RELEASE\configuration\org.eclipse.osgi\245\0\.cp\lib\javaagent-shaded.jar -Dfile.encoding=UTF-8 
java_command: com.itradix.ehealth.EhealthApplication --spring.profiles.active=dev --spring.output.ansi.enabled=always
java_class_path (initial): C:\Data\workspace\heroku-demo\target\classes;C:\Users\HP\Downloads\sts-4.6.2.RELEASE\plugins\org.junit.jupiter.api_5.6.0.v20200203-2009.jar;C:\Users\HP\Downloads\sts-4.6.2.RELEASE\plugins\org.junit.jupiter.engine_5.6.0.v20200203-2009.jar;C:\Users\HP\Downloads\sts-4.6.2.RELEASE\plugins\org.junit.jupiter.migrationsupport_5.6.0.v20200203-2009.jar;C:\Users\HP\Downloads\sts-4.6.2.RELEASE\plugins\org.junit.jupiter.params_5.6.0.v20200203-2009.jar;C:\Users\HP\Downloads\sts-4.6.2.RELEASE\plugins\org.junit.platform.commons_1.6.0.v20200203-2009.jar;C:\Users\HP\Downloads\sts-4.6.2.RELEASE\plugins\org.junit.platform.engine_1.6.0.v20200203-2009.jar;C:\Users\HP\Downloads\sts-4.6.2.RELEASE\plugins\org.junit.platform.launcher_1.6.0.v20200203-2009.jar;C:\Users\HP\Downloads\sts-4.6.2.RELEASE\plugins\org.junit.platform.runner_1.6.0.v20200203-2009.jar;C:\Users\HP\Downloads\sts-4.6.2.RELEASE\plugins\org.junit.platform.suite.api_1.6.0.v20200203-2009.jar;C:\Users\HP\Downloads\sts-4.6.2.RELEASE\plugins\org.junit.vintage.engine_5.6.0.v20200203-2009.jar;C:\Users\HP\Downloads\sts-4.6.2.RELEASE\plugins\org.opentest4j_1.2.0.v20190826-0900.jar;C:\Users\HP\Downloads\sts-4.6.2.RELEASE\plugins\org.apiguardian_1.1.0.v20190826-0900.jar;C:\Users\HP\Downloads\sts-4.6.2.RELEASE\plugins\org.junit_4.13.0.v20200204-1500.jar;C:\Users\HP\Downloads\sts-4.6.2.RELEASE\plugins\org.hamcrest.core_1.3.0.v20180420-1519.jar;C:\Users\HP\.m2\repository\org\springframework\boot\spring-boot-starter-web\2.3.0.RELEASE\spring-boot-starter-web-2.3.0.RELEASE.jar;C:\Users\HP\.m2\repository\org\springframework\boot\spring-boot-starter\2.3.0.RELEASE\spring-boot-starter-2.3.0.RELEASE.jar;C:\Users\HP\.m2\repository\org\springframework\boot\spring-boot\2.3.0.RELEASE\spring-boot-2.3.0.RELEASE.jar;C:\Users\HP\.m2\repository\org\springframework\boot\spring-boot-autoconfigure\2.3.0.RELEASE\spring-boot-autoconfigure-2.3.0.RELEASE.jar;C:\Users\HP\.m2\repository\org\springframework\boot\spring-boot-starter-logg
Launcher Type: SUN_STANDARD

[Global flags]
     bool BytecodeVerificationLocal                = false                                     {product} {command line}
     bool BytecodeVerificationRemote               = false                                     {product} {command line}
     intx CICompilerCount                          = 4                                         {product} {ergonomic}
     uint ConcGCThreads                            = 3                                         {product} {ergonomic}
     uint G1ConcRefinementThreads                  = 10                                        {product} {ergonomic}
   size_t G1HeapRegionSize                         = 2097152                                   {product} {ergonomic}
    uintx GCDrainStackTargetSize                   = 64                                        {product} {ergonomic}
   size_t InitialHeapSize                          = 534773760                                 {product} {ergonomic}
     bool ManagementServer                         = true                                      {product} {command line}
   size_t MarkStackSize                            = 4194304                                   {product} {ergonomic}
   size_t MaxHeapSize                              = 8539602944                                {product} {ergonomic}
   size_t MaxNewSize                               = 5123342336                                {product} {ergonomic}
   size_t MinHeapDeltaBytes                        = 2097152                                   {product} {ergonomic}
    uintx NonNMethodCodeHeapSize                   = 7549744                                {pd product} {ergonomic}
    uintx NonProfiledCodeHeapSize                  = 244108496                              {pd product} {ergonomic}
    uintx ProfiledCodeHeapSize                     = 0                                      {pd product} {ergonomic}
    uintx ReservedCodeCacheSize                    = 251658240                              {pd product} {ergonomic}
     bool SegmentedCodeCache                       = true                                      {product} {ergonomic}
     intx TieredStopAtLevel                        = 1                                         {product} {command line}
     bool UseCompressedClassPointers               = true                                 {lp64_product} {ergonomic}
     bool UseCompressedOops                        = true                                 {lp64_product} {ergonomic}
     bool UseG1GC                                  = true                                      {product} {ergonomic}
     bool UseLargePagesIndividualAllocation        = false                                  {pd product} {ergonomic}

Logging:
Log output configuration:
 #0: stdout all=warning uptime,level,tags
 #1: stderr all=off uptime,level,tags

Environment Variables:
JAVA_HOME=C:\Program Files\AdoptOpenJDK\jdk-11.0.7.10-hotspot
PATH=C:/Program Files/AdoptOpenJDK/jdk-11.0.7.10-hotspot/bin/client;C:/Program Files/AdoptOpenJDK/jdk-11.0.7.10-hotspot/bin;C:\Python39\Scripts\;C:\Python39\;C:\Program Files\AdoptOpenJDK\jdk-11.0.7.10-hotspot\bin;C:\WINDOWS\system32;C:\WINDOWS;C:\WINDOWS\System32\Wbem;C:\WINDOWS\System32\WindowsPowerShell\v1.0\;C:\WINDOWS\System32\OpenSSH\;C:\Program Files (x86)\Intel\Intel(R) Management Engine Components\DAL;C:\Program Files\Intel\Intel(R) Management Engine Components\DAL;C:\Program Files\Intel\WiFi\bin\;C:\Program Files\Common Files\Intel\WirelessCommon\;C:\Program Files\Git\cmd;C:\Program Files\Git\bin;;C:\Program Files\PostgreSQL\12\bin;C:\Program Files\Docker\Docker\resources\bin;C:\ProgramData\DockerDesktop\version-bin;C:\Data\spring-2.4.0\bin;C:\ProgramData\chocolatey\bin;C:\Program Files\nodejs\;C:\Program Files (x86)\EAC MW klient\;C:\Program Files (x86)\Aplikacia PPP\;C:\Program Files\MySQL\MySQL Shell 8.0\bin\;C:\Users\HP\AppData\Local\Programs\Python\Python38\Scripts\;C:\Users\HP\AppData\Local\Programs\Python\Python38\;C:\Users\HP\AppData\Local\Microsoft\WindowsApps;C:\Users\HP\AppData\Local\GitHubDesktop\bin;C:\Users\HP\AppData\Local\Google\Cloud SDK\google-cloud-sdk\bin;C:\Program Files\PostgreSQL\12\bin;C:\Program Files\heroku\bin;C:\Users\HP\AppData\Local\Microsoft\WindowsApps;C:\Users\HP\AppData\Roaming\npm;C:\Users\HP\AppData\Local\Programs\Microsoft VS Code\bin;C:\Users\HP\Downloads\sts-4.6.2.RELEASE;
USERNAME=HP
OS=Windows_NT
PROCESSOR_IDENTIFIER=Intel64 Family 6 Model 158 Stepping 10, GenuineIntel



---------------  S Y S T E M  ---------------

OS: Windows 10 , 64 bit Build 19041 (10.0.19041.1503)
OS uptime: 3 days 3:35 hours
HyperV virtualization detected

CPU:total 12 (initial active 12) (6 cores per cpu, 2 threads per core) family 6 model 158 stepping 10, cmov, cx8, fxsr, mmx, sse, sse2, sse3, ssse3, sse4.1, sse4.2, popcnt, avx, avx2, aes, clmul, erms, rtm, 3dnowpref, lzcnt, ht, tsc, tscinvbit, bmi1, bmi2, adx, fma

Memory: 4k page, system-wide physical 32574M (17101M free)
TotalPageFile size 37438M (AvailPageFile size 16492M)
current process WorkingSet (physical memory assigned to process): 145M, peak: 145M
current process commit charge ("private bytes"): 656M, peak: 656M

vm_info: OpenJDK 64-Bit Server VM (11.0.7+10) for windows-amd64 JRE (11.0.7+10), built on Apr 22 2020 11:46:09 by "" with MS VC++ 15.9 (VS2017)

END.
